<?xml version="1.0" encoding="UTF-8"?>
<testsuite xmlns:xsi="http://www.w3.org/2001/XMLSchema-instance" xsi:noNamespaceSchemaLocation="https://maven.apache.org/surefire/maven-surefire-plugin/xsd/surefire-test-report.xsd" name="cn.wenhe9.BlogSystemApplicationTests" time="4.709" tests="1" errors="0" skipped="0" failures="0">
  <properties>
    <property name="sun.desktop" value="windows"/>
    <property name="awt.toolkit" value="sun.awt.windows.WToolkit"/>
    <property name="file.encoding.pkg" value="sun.io"/>
    <property name="java.specification.version" value="1.8"/>
    <property name="sun.cpu.isalist" value="pentium_pro+mmx pentium_pro pentium+mmx pentium i486 i386 i86"/>
    <property name="sun.jnu.encoding" value="GBK"/>
    <property name="java.class.path" value="D:\Program Files\Desktop\blog_system\target\test-classes;D:\Program Files\Desktop\blog_system\target\classes;D:\maven_respository\com\alibaba\druid-spring-boot-starter\1.1.9\druid-spring-boot-starter-1.1.9.jar;D:\maven_respository\com\alibaba\druid\1.1.9\druid-1.1.9.jar;D:\maven_respository\org\slf4j\slf4j-api\1.7.30\slf4j-api-1.7.30.jar;D:\maven_respository\org\springframework\boot\spring-boot-autoconfigure\2.4.5\spring-boot-autoconfigure-2.4.5.jar;D:\maven_respository\org\mybatis\spring\boot\mybatis-spring-boot-starter\2.1.4\mybatis-spring-boot-starter-2.1.4.jar;D:\maven_respository\org\springframework\boot\spring-boot-starter\2.4.5\spring-boot-starter-2.4.5.jar;D:\maven_respository\org\springframework\boot\spring-boot-starter-logging\2.4.5\spring-boot-starter-logging-2.4.5.jar;D:\maven_respository\ch\qos\logback\logback-classic\1.2.3\logback-classic-1.2.3.jar;D:\maven_respository\ch\qos\logback\logback-core\1.2.3\logback-core-1.2.3.jar;D:\maven_respository\org\apache\logging\log4j\log4j-to-slf4j\2.13.3\log4j-to-slf4j-2.13.3.jar;D:\maven_respository\org\apache\logging\log4j\log4j-api\2.13.3\log4j-api-2.13.3.jar;D:\maven_respository\org\slf4j\jul-to-slf4j\1.7.30\jul-to-slf4j-1.7.30.jar;D:\maven_respository\jakarta\annotation\jakarta.annotation-api\1.3.5\jakarta.annotation-api-1.3.5.jar;D:\maven_respository\org\yaml\snakeyaml\1.27\snakeyaml-1.27.jar;D:\maven_respository\org\springframework\boot\spring-boot-starter-jdbc\2.4.5\spring-boot-starter-jdbc-2.4.5.jar;D:\maven_respository\com\zaxxer\HikariCP\3.4.5\HikariCP-3.4.5.jar;D:\maven_respository\org\springframework\spring-jdbc\5.3.6\spring-jdbc-5.3.6.jar;D:\maven_respository\org\mybatis\spring\boot\mybatis-spring-boot-autoconfigure\2.1.4\mybatis-spring-boot-autoconfigure-2.1.4.jar;D:\maven_respository\org\mybatis\mybatis\3.5.6\mybatis-3.5.6.jar;D:\maven_respository\org\mybatis\mybatis-spring\2.0.6\mybatis-spring-2.0.6.jar;D:\maven_respository\mysql\mysql-connector-java\8.0.23\mysql-connector-java-8.0.23.jar;D:\maven_respository\org\springframework\boot\spring-boot-starter-data-redis\2.4.5\spring-boot-starter-data-redis-2.4.5.jar;D:\maven_respository\org\springframework\data\spring-data-redis\2.4.8\spring-data-redis-2.4.8.jar;D:\maven_respository\org\springframework\data\spring-data-keyvalue\2.4.8\spring-data-keyvalue-2.4.8.jar;D:\maven_respository\org\springframework\data\spring-data-commons\2.4.8\spring-data-commons-2.4.8.jar;D:\maven_respository\org\springframework\spring-tx\5.3.6\spring-tx-5.3.6.jar;D:\maven_respository\org\springframework\spring-oxm\5.3.6\spring-oxm-5.3.6.jar;D:\maven_respository\io\lettuce\lettuce-core\6.0.4.RELEASE\lettuce-core-6.0.4.RELEASE.jar;D:\maven_respository\io\netty\netty-common\4.1.63.Final\netty-common-4.1.63.Final.jar;D:\maven_respository\io\netty\netty-handler\4.1.63.Final\netty-handler-4.1.63.Final.jar;D:\maven_respository\io\netty\netty-resolver\4.1.63.Final\netty-resolver-4.1.63.Final.jar;D:\maven_respository\io\netty\netty-buffer\4.1.63.Final\netty-buffer-4.1.63.Final.jar;D:\maven_respository\io\netty\netty-codec\4.1.63.Final\netty-codec-4.1.63.Final.jar;D:\maven_respository\io\netty\netty-transport\4.1.63.Final\netty-transport-4.1.63.Final.jar;D:\maven_respository\io\projectreactor\reactor-core\3.4.5\reactor-core-3.4.5.jar;D:\maven_respository\org\reactivestreams\reactive-streams\1.0.3\reactive-streams-1.0.3.jar;D:\maven_respository\org\springframework\boot\spring-boot-starter-mail\2.4.5\spring-boot-starter-mail-2.4.5.jar;D:\maven_respository\org\springframework\spring-context-support\5.3.6\spring-context-support-5.3.6.jar;D:\maven_respository\org\springframework\spring-beans\5.3.6\spring-beans-5.3.6.jar;D:\maven_respository\org\springframework\spring-context\5.3.6\spring-context-5.3.6.jar;D:\maven_respository\com\sun\mail\jakarta.mail\1.6.7\jakarta.mail-1.6.7.jar;D:\maven_respository\com\sun\activation\jakarta.activation\1.2.2\jakarta.activation-1.2.2.jar;D:\maven_respository\org\springframework\boot\spring-boot-starter-security\2.4.5\spring-boot-starter-security-2.4.5.jar;D:\maven_respository\org\springframework\spring-aop\5.3.6\spring-aop-5.3.6.jar;D:\maven_respository\org\springframework\security\spring-security-config\5.4.6\spring-security-config-5.4.6.jar;D:\maven_respository\org\springframework\security\spring-security-web\5.4.6\spring-security-web-5.4.6.jar;D:\maven_respository\org\springframework\spring-expression\5.3.6\spring-expression-5.3.6.jar;D:\maven_respository\org\springframework\boot\spring-boot-starter-thymeleaf\2.4.5\spring-boot-starter-thymeleaf-2.4.5.jar;D:\maven_respository\org\thymeleaf\thymeleaf-spring5\3.0.12.RELEASE\thymeleaf-spring5-3.0.12.RELEASE.jar;D:\maven_respository\org\thymeleaf\thymeleaf\3.0.12.RELEASE\thymeleaf-3.0.12.RELEASE.jar;D:\maven_respository\org\attoparser\attoparser\2.0.5.RELEASE\attoparser-2.0.5.RELEASE.jar;D:\maven_respository\org\unbescape\unbescape\1.1.6.RELEASE\unbescape-1.1.6.RELEASE.jar;D:\maven_respository\org\thymeleaf\extras\thymeleaf-extras-java8time\3.0.4.RELEASE\thymeleaf-extras-java8time-3.0.4.RELEASE.jar;D:\maven_respository\org\thymeleaf\extras\thymeleaf-extras-springsecurity5\3.0.4.RELEASE\thymeleaf-extras-springsecurity5-3.0.4.RELEASE.jar;D:\maven_respository\org\springframework\boot\spring-boot-starter-web\2.4.5\spring-boot-starter-web-2.4.5.jar;D:\maven_respository\org\springframework\boot\spring-boot-starter-json\2.4.5\spring-boot-starter-json-2.4.5.jar;D:\maven_respository\com\fasterxml\jackson\core\jackson-databind\2.11.4\jackson-databind-2.11.4.jar;D:\maven_respository\com\fasterxml\jackson\core\jackson-annotations\2.11.4\jackson-annotations-2.11.4.jar;D:\maven_respository\com\fasterxml\jackson\core\jackson-core\2.11.4\jackson-core-2.11.4.jar;D:\maven_respository\com\fasterxml\jackson\datatype\jackson-datatype-jdk8\2.11.4\jackson-datatype-jdk8-2.11.4.jar;D:\maven_respository\com\fasterxml\jackson\datatype\jackson-datatype-jsr310\2.11.4\jackson-datatype-jsr310-2.11.4.jar;D:\maven_respository\com\fasterxml\jackson\module\jackson-module-parameter-names\2.11.4\jackson-module-parameter-names-2.11.4.jar;D:\maven_respository\org\springframework\boot\spring-boot-starter-tomcat\2.4.5\spring-boot-starter-tomcat-2.4.5.jar;D:\maven_respository\org\apache\tomcat\embed\tomcat-embed-core\9.0.45\tomcat-embed-core-9.0.45.jar;D:\maven_respository\org\glassfish\jakarta.el\3.0.3\jakarta.el-3.0.3.jar;D:\maven_respository\org\apache\tomcat\embed\tomcat-embed-websocket\9.0.45\tomcat-embed-websocket-9.0.45.jar;D:\maven_respository\org\springframework\spring-web\5.3.6\spring-web-5.3.6.jar;D:\maven_respository\org\springframework\spring-webmvc\5.3.6\spring-webmvc-5.3.6.jar;D:\maven_respository\com\github\pagehelper\pagehelper-spring-boot-starter\1.2.8\pagehelper-spring-boot-starter-1.2.8.jar;D:\maven_respository\com\github\pagehelper\pagehelper-spring-boot-autoconfigure\1.2.8\pagehelper-spring-boot-autoconfigure-1.2.8.jar;D:\maven_respository\com\github\pagehelper\pagehelper\5.1.6\pagehelper-5.1.6.jar;D:\maven_respository\com\github\jsqlparser\jsqlparser\1.2\jsqlparser-1.2.jar;D:\maven_respository\org\apache\commons\commons-lang3\3.9\commons-lang3-3.9.jar;D:\maven_respository\com\atlassian\commonmark\commonmark\0.11.0\commonmark-0.11.0.jar;D:\maven_respository\com\atlassian\commonmark\commonmark-ext-gfm-tables\0.11.0\commonmark-ext-gfm-tables-0.11.0.jar;D:\maven_respository\com\vdurmont\emoji-java\4.0.0\emoji-java-4.0.0.jar;D:\maven_respository\org\json\json\20170516\json-20170516.jar;D:\maven_respository\org\springframework\boot\spring-boot-devtools\2.4.5\spring-boot-devtools-2.4.5.jar;D:\maven_respository\org\springframework\boot\spring-boot\2.4.5\spring-boot-2.4.5.jar;D:\maven_respository\org\projectlombok\lombok\1.18.20\lombok-1.18.20.jar;D:\maven_respository\org\springframework\boot\spring-boot-starter-test\2.4.5\spring-boot-starter-test-2.4.5.jar;D:\maven_respository\org\springframework\boot\spring-boot-test\2.4.5\spring-boot-test-2.4.5.jar;D:\maven_respository\org\springframework\boot\spring-boot-test-autoconfigure\2.4.5\spring-boot-test-autoconfigure-2.4.5.jar;D:\maven_respository\com\jayway\jsonpath\json-path\2.4.0\json-path-2.4.0.jar;D:\maven_respository\net\minidev\json-smart\2.3\json-smart-2.3.jar;D:\maven_respository\net\minidev\accessors-smart\1.2\accessors-smart-1.2.jar;D:\maven_respository\org\ow2\asm\asm\5.0.4\asm-5.0.4.jar;D:\maven_respository\jakarta\xml\bind\jakarta.xml.bind-api\2.3.3\jakarta.xml.bind-api-2.3.3.jar;D:\maven_respository\jakarta\activation\jakarta.activation-api\1.2.2\jakarta.activation-api-1.2.2.jar;D:\maven_respository\org\assertj\assertj-core\3.18.1\assertj-core-3.18.1.jar;D:\maven_respository\org\hamcrest\hamcrest\2.2\hamcrest-2.2.jar;D:\maven_respository\org\junit\jupiter\junit-jupiter\5.7.1\junit-jupiter-5.7.1.jar;D:\maven_respository\org\junit\jupiter\junit-jupiter-api\5.7.1\junit-jupiter-api-5.7.1.jar;D:\maven_respository\org\apiguardian\apiguardian-api\1.1.0\apiguardian-api-1.1.0.jar;D:\maven_respository\org\opentest4j\opentest4j\1.2.0\opentest4j-1.2.0.jar;D:\maven_respository\org\junit\platform\junit-platform-commons\1.7.1\junit-platform-commons-1.7.1.jar;D:\maven_respository\org\junit\jupiter\junit-jupiter-params\5.7.1\junit-jupiter-params-5.7.1.jar;D:\maven_respository\org\junit\jupiter\junit-jupiter-engine\5.7.1\junit-jupiter-engine-5.7.1.jar;D:\maven_respository\org\junit\platform\junit-platform-engine\1.7.1\junit-platform-engine-1.7.1.jar;D:\maven_respository\org\mockito\mockito-core\3.6.28\mockito-core-3.6.28.jar;D:\maven_respository\net\bytebuddy\byte-buddy\1.10.22\byte-buddy-1.10.22.jar;D:\maven_respository\net\bytebuddy\byte-buddy-agent\1.10.22\byte-buddy-agent-1.10.22.jar;D:\maven_respository\org\objenesis\objenesis\3.1\objenesis-3.1.jar;D:\maven_respository\org\mockito\mockito-junit-jupiter\3.6.28\mockito-junit-jupiter-3.6.28.jar;D:\maven_respository\org\skyscreamer\jsonassert\1.5.0\jsonassert-1.5.0.jar;D:\maven_respository\com\vaadin\external\google\android-json\0.0.20131108.vaadin1\android-json-0.0.20131108.vaadin1.jar;D:\maven_respository\org\springframework\spring-core\5.3.6\spring-core-5.3.6.jar;D:\maven_respository\org\springframework\spring-jcl\5.3.6\spring-jcl-5.3.6.jar;D:\maven_respository\org\springframework\spring-test\5.3.6\spring-test-5.3.6.jar;D:\maven_respository\org\xmlunit\xmlunit-core\2.7.0\xmlunit-core-2.7.0.jar;D:\maven_respository\org\springframework\security\spring-security-test\5.4.6\spring-security-test-5.4.6.jar;D:\maven_respository\org\springframework\security\spring-security-core\5.4.6\spring-security-core-5.4.6.jar;"/>
    <property name="java.vm.vendor" value="Oracle Corporation"/>
    <property name="sun.arch.data.model" value="32"/>
    <property name="user.variant" value=""/>
    <property name="java.vendor.url" value="http://java.oracle.com/"/>
    <property name="user.timezone" value="Asia/Shanghai"/>
    <property name="java.vm.specification.version" value="1.8"/>
    <property name="os.name" value="Windows 8.1"/>
    <property name="user.country" value="CN"/>
    <property name="sun.java.launcher" value="SUN_STANDARD"/>
    <property name="sun.boot.library.path" value="C:\Program Files (x86)\Java\jdk1.8.0_25\jre\bin"/>
    <property name="sun.java.command" value="C:\Users\11623\AppData\Local\Temp\surefire2285585440612430750\surefirebooter1323075316998373927.jar C:\Users\11623\AppData\Local\Temp\surefire2285585440612430750 2021-04-23T16-40-14_555-jvmRun1 surefire4596778330088888967tmp surefire_05965395290415644320tmp"/>
    <property name="surefire.test.class.path" value="D:\Program Files\Desktop\blog_system\target\test-classes;D:\Program Files\Desktop\blog_system\target\classes;D:\maven_respository\com\alibaba\druid-spring-boot-starter\1.1.9\druid-spring-boot-starter-1.1.9.jar;D:\maven_respository\com\alibaba\druid\1.1.9\druid-1.1.9.jar;D:\maven_respository\org\slf4j\slf4j-api\1.7.30\slf4j-api-1.7.30.jar;D:\maven_respository\org\springframework\boot\spring-boot-autoconfigure\2.4.5\spring-boot-autoconfigure-2.4.5.jar;D:\maven_respository\org\mybatis\spring\boot\mybatis-spring-boot-starter\2.1.4\mybatis-spring-boot-starter-2.1.4.jar;D:\maven_respository\org\springframework\boot\spring-boot-starter\2.4.5\spring-boot-starter-2.4.5.jar;D:\maven_respository\org\springframework\boot\spring-boot-starter-logging\2.4.5\spring-boot-starter-logging-2.4.5.jar;D:\maven_respository\ch\qos\logback\logback-classic\1.2.3\logback-classic-1.2.3.jar;D:\maven_respository\ch\qos\logback\logback-core\1.2.3\logback-core-1.2.3.jar;D:\maven_respository\org\apache\logging\log4j\log4j-to-slf4j\2.13.3\log4j-to-slf4j-2.13.3.jar;D:\maven_respository\org\apache\logging\log4j\log4j-api\2.13.3\log4j-api-2.13.3.jar;D:\maven_respository\org\slf4j\jul-to-slf4j\1.7.30\jul-to-slf4j-1.7.30.jar;D:\maven_respository\jakarta\annotation\jakarta.annotation-api\1.3.5\jakarta.annotation-api-1.3.5.jar;D:\maven_respository\org\yaml\snakeyaml\1.27\snakeyaml-1.27.jar;D:\maven_respository\org\springframework\boot\spring-boot-starter-jdbc\2.4.5\spring-boot-starter-jdbc-2.4.5.jar;D:\maven_respository\com\zaxxer\HikariCP\3.4.5\HikariCP-3.4.5.jar;D:\maven_respository\org\springframework\spring-jdbc\5.3.6\spring-jdbc-5.3.6.jar;D:\maven_respository\org\mybatis\spring\boot\mybatis-spring-boot-autoconfigure\2.1.4\mybatis-spring-boot-autoconfigure-2.1.4.jar;D:\maven_respository\org\mybatis\mybatis\3.5.6\mybatis-3.5.6.jar;D:\maven_respository\org\mybatis\mybatis-spring\2.0.6\mybatis-spring-2.0.6.jar;D:\maven_respository\mysql\mysql-connector-java\8.0.23\mysql-connector-java-8.0.23.jar;D:\maven_respository\org\springframework\boot\spring-boot-starter-data-redis\2.4.5\spring-boot-starter-data-redis-2.4.5.jar;D:\maven_respository\org\springframework\data\spring-data-redis\2.4.8\spring-data-redis-2.4.8.jar;D:\maven_respository\org\springframework\data\spring-data-keyvalue\2.4.8\spring-data-keyvalue-2.4.8.jar;D:\maven_respository\org\springframework\data\spring-data-commons\2.4.8\spring-data-commons-2.4.8.jar;D:\maven_respository\org\springframework\spring-tx\5.3.6\spring-tx-5.3.6.jar;D:\maven_respository\org\springframework\spring-oxm\5.3.6\spring-oxm-5.3.6.jar;D:\maven_respository\io\lettuce\lettuce-core\6.0.4.RELEASE\lettuce-core-6.0.4.RELEASE.jar;D:\maven_respository\io\netty\netty-common\4.1.63.Final\netty-common-4.1.63.Final.jar;D:\maven_respository\io\netty\netty-handler\4.1.63.Final\netty-handler-4.1.63.Final.jar;D:\maven_respository\io\netty\netty-resolver\4.1.63.Final\netty-resolver-4.1.63.Final.jar;D:\maven_respository\io\netty\netty-buffer\4.1.63.Final\netty-buffer-4.1.63.Final.jar;D:\maven_respository\io\netty\netty-codec\4.1.63.Final\netty-codec-4.1.63.Final.jar;D:\maven_respository\io\netty\netty-transport\4.1.63.Final\netty-transport-4.1.63.Final.jar;D:\maven_respository\io\projectreactor\reactor-core\3.4.5\reactor-core-3.4.5.jar;D:\maven_respository\org\reactivestreams\reactive-streams\1.0.3\reactive-streams-1.0.3.jar;D:\maven_respository\org\springframework\boot\spring-boot-starter-mail\2.4.5\spring-boot-starter-mail-2.4.5.jar;D:\maven_respository\org\springframework\spring-context-support\5.3.6\spring-context-support-5.3.6.jar;D:\maven_respository\org\springframework\spring-beans\5.3.6\spring-beans-5.3.6.jar;D:\maven_respository\org\springframework\spring-context\5.3.6\spring-context-5.3.6.jar;D:\maven_respository\com\sun\mail\jakarta.mail\1.6.7\jakarta.mail-1.6.7.jar;D:\maven_respository\com\sun\activation\jakarta.activation\1.2.2\jakarta.activation-1.2.2.jar;D:\maven_respository\org\springframework\boot\spring-boot-starter-security\2.4.5\spring-boot-starter-security-2.4.5.jar;D:\maven_respository\org\springframework\spring-aop\5.3.6\spring-aop-5.3.6.jar;D:\maven_respository\org\springframework\security\spring-security-config\5.4.6\spring-security-config-5.4.6.jar;D:\maven_respository\org\springframework\security\spring-security-web\5.4.6\spring-security-web-5.4.6.jar;D:\maven_respository\org\springframework\spring-expression\5.3.6\spring-expression-5.3.6.jar;D:\maven_respository\org\springframework\boot\spring-boot-starter-thymeleaf\2.4.5\spring-boot-starter-thymeleaf-2.4.5.jar;D:\maven_respository\org\thymeleaf\thymeleaf-spring5\3.0.12.RELEASE\thymeleaf-spring5-3.0.12.RELEASE.jar;D:\maven_respository\org\thymeleaf\thymeleaf\3.0.12.RELEASE\thymeleaf-3.0.12.RELEASE.jar;D:\maven_respository\org\attoparser\attoparser\2.0.5.RELEASE\attoparser-2.0.5.RELEASE.jar;D:\maven_respository\org\unbescape\unbescape\1.1.6.RELEASE\unbescape-1.1.6.RELEASE.jar;D:\maven_respository\org\thymeleaf\extras\thymeleaf-extras-java8time\3.0.4.RELEASE\thymeleaf-extras-java8time-3.0.4.RELEASE.jar;D:\maven_respository\org\thymeleaf\extras\thymeleaf-extras-springsecurity5\3.0.4.RELEASE\thymeleaf-extras-springsecurity5-3.0.4.RELEASE.jar;D:\maven_respository\org\springframework\boot\spring-boot-starter-web\2.4.5\spring-boot-starter-web-2.4.5.jar;D:\maven_respository\org\springframework\boot\spring-boot-starter-json\2.4.5\spring-boot-starter-json-2.4.5.jar;D:\maven_respository\com\fasterxml\jackson\core\jackson-databind\2.11.4\jackson-databind-2.11.4.jar;D:\maven_respository\com\fasterxml\jackson\core\jackson-annotations\2.11.4\jackson-annotations-2.11.4.jar;D:\maven_respository\com\fasterxml\jackson\core\jackson-core\2.11.4\jackson-core-2.11.4.jar;D:\maven_respository\com\fasterxml\jackson\datatype\jackson-datatype-jdk8\2.11.4\jackson-datatype-jdk8-2.11.4.jar;D:\maven_respository\com\fasterxml\jackson\datatype\jackson-datatype-jsr310\2.11.4\jackson-datatype-jsr310-2.11.4.jar;D:\maven_respository\com\fasterxml\jackson\module\jackson-module-parameter-names\2.11.4\jackson-module-parameter-names-2.11.4.jar;D:\maven_respository\org\springframework\boot\spring-boot-starter-tomcat\2.4.5\spring-boot-starter-tomcat-2.4.5.jar;D:\maven_respository\org\apache\tomcat\embed\tomcat-embed-core\9.0.45\tomcat-embed-core-9.0.45.jar;D:\maven_respository\org\glassfish\jakarta.el\3.0.3\jakarta.el-3.0.3.jar;D:\maven_respository\org\apache\tomcat\embed\tomcat-embed-websocket\9.0.45\tomcat-embed-websocket-9.0.45.jar;D:\maven_respository\org\springframework\spring-web\5.3.6\spring-web-5.3.6.jar;D:\maven_respository\org\springframework\spring-webmvc\5.3.6\spring-webmvc-5.3.6.jar;D:\maven_respository\com\github\pagehelper\pagehelper-spring-boot-starter\1.2.8\pagehelper-spring-boot-starter-1.2.8.jar;D:\maven_respository\com\github\pagehelper\pagehelper-spring-boot-autoconfigure\1.2.8\pagehelper-spring-boot-autoconfigure-1.2.8.jar;D:\maven_respository\com\github\pagehelper\pagehelper\5.1.6\pagehelper-5.1.6.jar;D:\maven_respository\com\github\jsqlparser\jsqlparser\1.2\jsqlparser-1.2.jar;D:\maven_respository\org\apache\commons\commons-lang3\3.9\commons-lang3-3.9.jar;D:\maven_respository\com\atlassian\commonmark\commonmark\0.11.0\commonmark-0.11.0.jar;D:\maven_respository\com\atlassian\commonmark\commonmark-ext-gfm-tables\0.11.0\commonmark-ext-gfm-tables-0.11.0.jar;D:\maven_respository\com\vdurmont\emoji-java\4.0.0\emoji-java-4.0.0.jar;D:\maven_respository\org\json\json\20170516\json-20170516.jar;D:\maven_respository\org\springframework\boot\spring-boot-devtools\2.4.5\spring-boot-devtools-2.4.5.jar;D:\maven_respository\org\springframework\boot\spring-boot\2.4.5\spring-boot-2.4.5.jar;D:\maven_respository\org\projectlombok\lombok\1.18.20\lombok-1.18.20.jar;D:\maven_respository\org\springframework\boot\spring-boot-starter-test\2.4.5\spring-boot-starter-test-2.4.5.jar;D:\maven_respository\org\springframework\boot\spring-boot-test\2.4.5\spring-boot-test-2.4.5.jar;D:\maven_respository\org\springframework\boot\spring-boot-test-autoconfigure\2.4.5\spring-boot-test-autoconfigure-2.4.5.jar;D:\maven_respository\com\jayway\jsonpath\json-path\2.4.0\json-path-2.4.0.jar;D:\maven_respository\net\minidev\json-smart\2.3\json-smart-2.3.jar;D:\maven_respository\net\minidev\accessors-smart\1.2\accessors-smart-1.2.jar;D:\maven_respository\org\ow2\asm\asm\5.0.4\asm-5.0.4.jar;D:\maven_respository\jakarta\xml\bind\jakarta.xml.bind-api\2.3.3\jakarta.xml.bind-api-2.3.3.jar;D:\maven_respository\jakarta\activation\jakarta.activation-api\1.2.2\jakarta.activation-api-1.2.2.jar;D:\maven_respository\org\assertj\assertj-core\3.18.1\assertj-core-3.18.1.jar;D:\maven_respository\org\hamcrest\hamcrest\2.2\hamcrest-2.2.jar;D:\maven_respository\org\junit\jupiter\junit-jupiter\5.7.1\junit-jupiter-5.7.1.jar;D:\maven_respository\org\junit\jupiter\junit-jupiter-api\5.7.1\junit-jupiter-api-5.7.1.jar;D:\maven_respository\org\apiguardian\apiguardian-api\1.1.0\apiguardian-api-1.1.0.jar;D:\maven_respository\org\opentest4j\opentest4j\1.2.0\opentest4j-1.2.0.jar;D:\maven_respository\org\junit\platform\junit-platform-commons\1.7.1\junit-platform-commons-1.7.1.jar;D:\maven_respository\org\junit\jupiter\junit-jupiter-params\5.7.1\junit-jupiter-params-5.7.1.jar;D:\maven_respository\org\junit\jupiter\junit-jupiter-engine\5.7.1\junit-jupiter-engine-5.7.1.jar;D:\maven_respository\org\junit\platform\junit-platform-engine\1.7.1\junit-platform-engine-1.7.1.jar;D:\maven_respository\org\mockito\mockito-core\3.6.28\mockito-core-3.6.28.jar;D:\maven_respository\net\bytebuddy\byte-buddy\1.10.22\byte-buddy-1.10.22.jar;D:\maven_respository\net\bytebuddy\byte-buddy-agent\1.10.22\byte-buddy-agent-1.10.22.jar;D:\maven_respository\org\objenesis\objenesis\3.1\objenesis-3.1.jar;D:\maven_respository\org\mockito\mockito-junit-jupiter\3.6.28\mockito-junit-jupiter-3.6.28.jar;D:\maven_respository\org\skyscreamer\jsonassert\1.5.0\jsonassert-1.5.0.jar;D:\maven_respository\com\vaadin\external\google\android-json\0.0.20131108.vaadin1\android-json-0.0.20131108.vaadin1.jar;D:\maven_respository\org\springframework\spring-core\5.3.6\spring-core-5.3.6.jar;D:\maven_respository\org\springframework\spring-jcl\5.3.6\spring-jcl-5.3.6.jar;D:\maven_respository\org\springframework\spring-test\5.3.6\spring-test-5.3.6.jar;D:\maven_respository\org\xmlunit\xmlunit-core\2.7.0\xmlunit-core-2.7.0.jar;D:\maven_respository\org\springframework\security\spring-security-test\5.4.6\spring-security-test-5.4.6.jar;D:\maven_respository\org\springframework\security\spring-security-core\5.4.6\spring-security-core-5.4.6.jar;"/>
    <property name="sun.cpu.endian" value="little"/>
    <property name="user.home" value="C:\Users\11623"/>
    <property name="user.language" value="zh"/>
    <property name="java.specification.vendor" value="Oracle Corporation"/>
    <property name="java.home" value="C:\Program Files (x86)\Java\jdk1.8.0_25\jre"/>
    <property name="basedir" value="D:\Program Files\Desktop\blog_system"/>
    <property name="file.separator" value="\"/>
    <property name="line.separator" value="&#10;"/>
    <property name="java.vm.specification.vendor" value="Oracle Corporation"/>
    <property name="java.specification.name" value="Java Platform API Specification"/>
    <property name="java.awt.graphicsenv" value="sun.awt.Win32GraphicsEnvironment"/>
    <property name="surefire.real.class.path" value="C:\Users\11623\AppData\Local\Temp\surefire2285585440612430750\surefirebooter1323075316998373927.jar"/>
    <property name="sun.boot.class.path" value="C:\Program Files (x86)\Java\jdk1.8.0_25\jre\lib\resources.jar;C:\Program Files (x86)\Java\jdk1.8.0_25\jre\lib\rt.jar;C:\Program Files (x86)\Java\jdk1.8.0_25\jre\lib\sunrsasign.jar;C:\Program Files (x86)\Java\jdk1.8.0_25\jre\lib\jsse.jar;C:\Program Files (x86)\Java\jdk1.8.0_25\jre\lib\jce.jar;C:\Program Files (x86)\Java\jdk1.8.0_25\jre\lib\charsets.jar;C:\Program Files (x86)\Java\jdk1.8.0_25\jre\lib\jfr.jar;C:\Program Files (x86)\Java\jdk1.8.0_25\jre\classes"/>
    <property name="user.script" value=""/>
    <property name="sun.management.compiler" value="HotSpot Client Compiler"/>
    <property name="java.runtime.version" value="1.8.0_25-b18"/>
    <property name="user.name" value="11623"/>
    <property name="path.separator" value=";"/>
    <property name="os.version" value="6.3"/>
    <property name="java.endorsed.dirs" value="C:\Program Files (x86)\Java\jdk1.8.0_25\jre\lib\endorsed"/>
    <property name="java.runtime.name" value="Java(TM) SE Runtime Environment"/>
    <property name="file.encoding" value="GBK"/>
    <property name="java.vm.name" value="Java HotSpot(TM) Client VM"/>
    <property name="localRepository" value="D:\maven_respository"/>
    <property name="java.vendor.url.bug" value="http://bugreport.sun.com/bugreport/"/>
    <property name="java.io.tmpdir" value="C:\Users\11623\AppData\Local\Temp\"/>
    <property name="idea.version" value="2021.1"/>
    <property name="java.version" value="1.8.0_25"/>
    <property name="user.dir" value="D:\Program Files\Desktop\blog_system"/>
    <property name="os.arch" value="x86"/>
    <property name="java.vm.specification.name" value="Java Virtual Machine Specification"/>
    <property name="java.awt.printerjob" value="sun.awt.windows.WPrinterJob"/>
    <property name="sun.os.patch.level" value=""/>
    <property name="java.library.path" value="C:\Program Files (x86)\Java\jdk1.8.0_25\jre\bin;C:\Windows\Sun\Java\bin;C:\Windows\system32;C:\Windows;D:\Program Files (x86)\VMware\VMware Workstation\bin\;C:\ProgramData\Oracle\Java\javapath;C:\Windows\system32;C:\Windows;C:\Windows\System32\Wbem;C:\Windows\System32\WindowsPowerShell\v1.0\;C:\Windows\System32\OpenSSH\;C:\Program Files (x86)\NVIDIA Corporation\PhysX\Common;C:\Program Files\NVIDIA Corporation\NVIDIA NvDLISR;D:\Program Files\CMake\bin;D:\Program Files (x86)\Git\Git\cmd;C:\Program Files (x86)\Tencent\微信web开发者工具;C:\Program Files\nodejs\;D:\gradle-5.6.4\gradle-5.6.4\bin;D:\WorkTools\apache-maven-3.6.3\bin;C:\Program Files (x86)\Java\jdk1.8.0_25\bin;C:\Java\maven_repository;C:\Users\11623\AppData\Local\Android\Sdk\build-tools\30.0.2;C:\Users\11623\AppData\Local\Android\Sdk\platform-tools;C:\Users\11623\AppData\Local\Android\Sdk\tools;C:\Program Files\MySQL\MySQL Server 8.0\bin;D:\gradle-6.7.1\bin;C:\php;C:\Apache24;C:\Apache24\bin;C:\Program Files\TortoiseGit\bin;C:\Program Files\Pandoc\;C:\Program Files (x86)\NetSarang\Xftp 7\;C:\Program Files (x86)\NetSarang\Xshell 7\;C:\Users\11623\AppData\Local\Programs\Python\Python38-32\Scripts\;C:\Users\11623\AppData\Local\Programs\Python\Python38-32\;C:\Users\11623\AppData\Local\Microsoft\WindowsApps;C:\Program Files\Bandizip\;C:\Program Files\JetBrains\IntelliJ IDEA 2020.2.1\bin;;C:\Program Files\JetBrains\WebStorm 2020.2.1\bin;;C:\Program Files\JetBrains\CLion 2020.2.1\bin;;D:\Program Files (x86)\Microsoft VS Code\Microsoft VS Code\bin;C:\Program Files (x86)\Java\jdk1.8.0_25\bin;C:\Users\11623\AppData\Roaming\npm;C:\Program Files\JetBrains\PhpStorm 2020.2.3\bin;;;C:\Program Files\JetBrains\DataGrip 2020.3.1\bin;;."/>
    <property name="java.vm.info" value="mixed mode"/>
    <property name="java.vendor" value="Oracle Corporation"/>
    <property name="java.vm.version" value="25.25-b02"/>
    <property name="java.ext.dirs" value="C:\Program Files (x86)\Java\jdk1.8.0_25\jre\lib\ext;C:\Windows\Sun\Java\lib\ext"/>
    <property name="sun.io.unicode.encoding" value="UnicodeLittle"/>
    <property name="java.class.version" value="52.0"/>
  </properties>
  <testcase name="contextLoads" classname="cn.wenhe9.BlogSystemApplicationTests" time="0.179"/>
</testsuite>